<?xml version="1.0" encoding="UTF-8"?>
<robot generator="Robot 3.1.2 (Python 3.7.3 on darwin)" generated="20200303 19:05:11.528" rpa="false">
<suite id="s1" name="SingleTest" source="/Users/nithyamani/eclipse-workspace/browserstack-robot-framework/test/SingleTest.robot">
<test id="s1-t1" name="Browse BrowserStack on google.com">
<kw name="Open Browser" library="SeleniumLibrary">
<doc>Opens a new browser instance to the optional ``url``.</doc>
<arguments>
<arg>${URL}</arg>
<arg>iphone</arg>
<arg>remote_url=${REMOTE_URL}</arg>
<arg>desired_capabilities=&amp;{DC}</arg>
</arguments>
<msg timestamp="20200303 19:05:11.730" level="INFO">Opening browser 'iphone' to base url 'https://www.google.com' through remote server at 'http://nithyamani3:P4JKysg5WuchQxBfKQu1@hub-cloud.browserstack.com/wd/hub'.</msg>
<status status="PASS" starttime="20200303 19:05:11.729" endtime="20200303 19:05:33.099"></status>
</kw>
<kw name="Input Text" library="SeleniumLibrary">
<doc>Types the given ``text`` into the text field identified by ``locator``.</doc>
<arguments>
<arg>name=q</arg>
<arg>BrowserStack</arg>
</arguments>
<msg timestamp="20200303 19:05:33.100" level="INFO">Typing text 'BrowserStack' into text field 'name=q'.</msg>
<status status="PASS" starttime="20200303 19:05:33.100" endtime="20200303 19:05:35.156"></status>
</kw>
<kw name="Press Keys" library="SeleniumLibrary">
<doc>Simulates the user pressing key(s) to an element or on the active browser.</doc>
<arguments>
<arg>name=q</arg>
<arg>ENTER</arg>
</arguments>
<msg timestamp="20200303 19:05:35.158" level="INFO">Sending key(s) ('ENTER',) to name=q element.</msg>
<kw name="Capture Page Screenshot" library="SeleniumLibrary">
<doc>Takes a screenshot of the current page and embeds it into a log file.</doc>
<msg timestamp="20200303 19:05:43.165" level="INFO" html="yes">&lt;/td&gt;&lt;/tr&gt;&lt;tr&gt;&lt;td colspan="3"&gt;&lt;a href="selenium-screenshot-1.png"&gt;&lt;img src="selenium-screenshot-1.png" width="800px"&gt;&lt;/a&gt;</msg>
<status status="PASS" starttime="20200303 19:05:38.628" endtime="20200303 19:05:43.165"></status>
</kw>
<msg timestamp="20200303 19:05:43.173" level="FAIL">WebDriverException: Message: Appium error: Method has not yet been implemented
</msg>
<status status="FAIL" starttime="20200303 19:05:35.157" endtime="20200303 19:05:43.173"></status>
</kw>
<status status="FAIL" starttime="20200303 19:05:11.729" endtime="20200303 19:05:43.174" critical="yes">WebDriverException: Message: Appium error: Method has not yet been implemented
</status>
</test>
<status status="FAIL" starttime="20200303 19:05:11.530" endtime="20200303 19:05:43.175"></status>
</suite>
<statistics>
<total>
<stat pass="0" fail="1">Critical Tests</stat>
<stat pass="0" fail="1">All Tests</stat>
</total>
<tag>
</tag>
<suite>
<stat pass="0" fail="1" id="s1" name="SingleTest">SingleTest</stat>
</suite>
</statistics>
<errors>
</errors>
</robot>
