<?xml version="1.0" encoding="UTF-8"?>
<robot generator="Robot 3.1.2 (Python 3.7.3 on darwin)" generated="20200303 17:42:27.055" rpa="false">
<suite id="s1" name="Suites">
<suite id="s1-s1" name="Suite3" source="/Users/nithyamani/eclipse-workspace/browserstack-robot-framework/test/parallel/Suite3.robot">
<test id="s1-s1-t1" name="Parallel Tests">
<kw name="Open Browser" library="SeleniumLibrary">
<doc>Opens a new browser instance to the optional ``url``.</doc>
<arguments>
<arg>${URL}</arg>
<arg>&amp;{DC}[browser]</arg>
<arg>remote_url=${REMOTE_URL}</arg>
<arg>desired_capabilities=&amp;{DC}</arg>
</arguments>
<msg timestamp="20200303 17:42:27.187" level="INFO">Opening browser 'Safari' to base url 'https://www.google.com' through remote server at 'http://nithyamani3:P4JKysg5WuchQxBfKQu1@hub-cloud.browserstack.com/wd/hub'.</msg>
<status status="PASS" starttime="20200303 17:42:27.187" endtime="20200303 17:42:31.837"></status>
</kw>
<kw name="Input Text" library="SeleniumLibrary">
<doc>Types the given ``text`` into the text field identified by ``locator``.</doc>
<arguments>
<arg>name=q</arg>
<arg>BrowserStack</arg>
</arguments>
<msg timestamp="20200303 17:42:31.838" level="INFO">Typing text 'BrowserStack' into text field 'name=q'.</msg>
<status status="PASS" starttime="20200303 17:42:31.837" endtime="20200303 17:42:32.577"></status>
</kw>
<kw name="Press Keys" library="SeleniumLibrary">
<doc>Simulates the user pressing key(s) to an element or on the active browser.</doc>
<arguments>
<arg>name=q</arg>
<arg>ENTER</arg>
</arguments>
<msg timestamp="20200303 17:42:32.577" level="INFO">Sending key(s) ('ENTER',) to name=q element.</msg>
<msg timestamp="20200303 17:42:33.693" level="INFO">Pressing special key ENTER to element.</msg>
<msg timestamp="20200303 17:42:33.693" level="INFO">Releasing special key ENTER.</msg>
<status status="PASS" starttime="20200303 17:42:32.577" endtime="20200303 17:42:33.911"></status>
</kw>
<kw name="Sleep" library="BuiltIn">
<doc>Pauses the test executed for the given time.</doc>
<arguments>
<arg>5</arg>
</arguments>
<msg timestamp="20200303 17:42:38.915" level="INFO">Slept 5 seconds</msg>
<status status="PASS" starttime="20200303 17:42:33.912" endtime="20200303 17:42:38.915"></status>
</kw>
<kw name="Close Browser" library="SeleniumLibrary">
<doc>Closes the current browser.</doc>
<status status="PASS" starttime="20200303 17:42:38.915" endtime="20200303 17:42:39.122"></status>
</kw>
<status status="PASS" starttime="20200303 17:42:27.186" endtime="20200303 17:42:39.122" critical="yes"></status>
</test>
<status status="PASS" starttime="20200303 17:42:27.078" endtime="20200303 17:42:39.123"></status>
</suite>
<status status="PASS" starttime="20200303 17:42:27.056" endtime="20200303 17:42:39.125"></status>
</suite>
<statistics>
<total>
<stat pass="1" fail="0">Critical Tests</stat>
<stat pass="1" fail="0">All Tests</stat>
</total>
<tag>
</tag>
<suite>
<stat pass="1" fail="0" id="s1" name="Suites">Suites</stat>
<stat pass="1" fail="0" id="s1-s1" name="Suite3">Suites.Suite3</stat>
</suite>
</statistics>
<errors>
</errors>
</robot>
