<?xml version="1.0" encoding="UTF-8"?>
<robot generator="Robot 3.1.2 (Python 3.7.3 on darwin)" generated="20200303 18:55:51.110" rpa="false">
<suite id="s1" name="Suites">
<suite id="s1-s1" name="Suite3" source="/Users/nithyamani/eclipse-workspace/browserstack-robot-framework/test/parallel/Suite3.robot">
<test id="s1-s1-t1" name="Parallel Tests">
<kw name="Open Browser" library="SeleniumLibrary">
<doc>Opens a new browser instance to the optional ``url``.</doc>
<arguments>
<arg>${URL}</arg>
<arg>&amp;{DC}[browser]</arg>
<arg>remote_url=${REMOTE_URL}</arg>
<arg>desired_capabilities=&amp;{DC}</arg>
</arguments>
<msg timestamp="20200303 18:55:51.244" level="FAIL">Dictionary '&amp;{DC}' has no key 'browser'.</msg>
<status status="FAIL" starttime="20200303 18:55:51.243" endtime="20200303 18:55:51.244"></status>
</kw>
<status status="FAIL" starttime="20200303 18:55:51.243" endtime="20200303 18:55:51.244" critical="yes">Dictionary '&amp;{DC}' has no key 'browser'.</status>
</test>
<status status="FAIL" starttime="20200303 18:55:51.136" endtime="20200303 18:55:51.244"></status>
</suite>
<status status="FAIL" starttime="20200303 18:55:51.112" endtime="20200303 18:55:51.245"></status>
</suite>
<statistics>
<total>
<stat pass="0" fail="1">Critical Tests</stat>
<stat pass="0" fail="1">All Tests</stat>
</total>
<tag>
</tag>
<suite>
<stat pass="0" fail="1" id="s1" name="Suites">Suites</stat>
<stat pass="0" fail="1" id="s1-s1" name="Suite3">Suites.Suite3</stat>
</suite>
</statistics>
<errors>
</errors>
</robot>
