<?xml version="1.0" encoding="UTF-8"?>
<robot generator="Robot 3.1.2 (Python 3.7.3 on darwin)" generated="20200303 17:41:54.304" rpa="false">
<suite id="s1" name="Suites">
<suite id="s1-s1" name="LocalTest" source="/Users/nithyamani/eclipse-workspace/browserstack-robot-framework/test/LocalTest.robot">
<test id="s1-s1-t1" name="Run Local Tests on BrwoseStack">
<kw name="Open Browser" library="SeleniumLibrary">
<doc>Opens a new browser instance to the optional ``url``.</doc>
<arguments>
<arg>${URL}</arg>
<arg>&amp;{DC}[browser]</arg>
<arg>remote_url=${REMOTE_URL}</arg>
<arg>desired_capabilities=&amp;{DC}</arg>
</arguments>
<msg timestamp="20200303 17:41:54.438" level="INFO">Opening browser 'Chrome' to base url 'http://bs-local.com:45691/check' through remote server at 'http://nithyamani3:P4JKysg5WuchQxBfKQu1@hub-cloud.browserstack.com/wd/hub'.</msg>
<status status="PASS" starttime="20200303 17:41:54.438" endtime="20200303 17:42:02.028"></status>
</kw>
<kw name="Sleep" library="BuiltIn">
<doc>Pauses the test executed for the given time.</doc>
<arguments>
<arg>5</arg>
</arguments>
<msg timestamp="20200303 17:42:07.031" level="INFO">Slept 5 seconds</msg>
<status status="PASS" starttime="20200303 17:42:02.029" endtime="20200303 17:42:07.031"></status>
</kw>
<kw name="Close Browser" library="SeleniumLibrary">
<doc>Closes the current browser.</doc>
<status status="PASS" starttime="20200303 17:42:07.032" endtime="20200303 17:42:09.314"></status>
</kw>
<status status="PASS" starttime="20200303 17:41:54.437" endtime="20200303 17:42:09.314" critical="yes"></status>
</test>
<status status="PASS" starttime="20200303 17:41:54.329" endtime="20200303 17:42:09.316"></status>
</suite>
<status status="PASS" starttime="20200303 17:41:54.306" endtime="20200303 17:42:09.318"></status>
</suite>
<statistics>
<total>
<stat pass="1" fail="0">Critical Tests</stat>
<stat pass="1" fail="0">All Tests</stat>
</total>
<tag>
</tag>
<suite>
<stat pass="1" fail="0" id="s1" name="Suites">Suites</stat>
<stat pass="1" fail="0" id="s1-s1" name="LocalTest">Suites.LocalTest</stat>
</suite>
</statistics>
<errors>
</errors>
</robot>
