<?xml version="1.0" encoding="UTF-8"?>
<robot generator="Rebot 3.1.2 (Python 3.7.3 on darwin)" generated="20200306 18:03:05.369" rpa="false">
<suite id="s1" name="Suite1" source="/Users/nithyamani/eclipse-workspace/browserstack-robot-framework/web/test/parallel/Suite1.robot">
<test id="s1-t1" name="Parallel Tests 1">
<kw name="Set Test Variable" library="BuiltIn">
<doc>Makes a variable available everywhere within the scope of the current test.</doc>
<arguments>
<arg>&amp;{DC1}</arg>
<arg>os=Windows</arg>
<arg>os_version=8.1</arg>
<arg>browser=Chrome</arg>
<arg>browser_version=75.0</arg>
<arg>build=RobotFramework</arg>
<arg>name=parallel_test_1}</arg>
</arguments>
<msg timestamp="20200306 18:02:38.664" level="INFO">&amp;{DC1} = { os=Windows | os_version=8.1 | browser=Chrome | browser_version=75.0 | build=RobotFramework | name=parallel_test_1} }</msg>
<status status="PASS" starttime="20200306 18:02:38.663" endtime="20200306 18:02:38.664"></status>
</kw>
<kw name="Open Browser" library="SeleniumLibrary">
<doc>Opens a new browser instance to the optional ``url``.</doc>
<arguments>
<arg>${URL}</arg>
<arg>&amp;{DC1}[browser]</arg>
<arg>remote_url=${REMOTE_URL}</arg>
<arg>desired_capabilities=&amp;{DC1}</arg>
</arguments>
<msg timestamp="20200306 18:02:38.665" level="INFO">Opening browser 'Chrome' to base url 'https://www.google.com' through remote server at 'http://nithyamani3:P4JKysg5WuchQxBfKQu1@hub-cloud.browserstack.com/wd/hub'.</msg>
<status status="PASS" starttime="20200306 18:02:38.664" endtime="20200306 18:02:44.292"></status>
</kw>
<kw name="Input Text" library="SeleniumLibrary">
<doc>Types the given ``text`` into the text field identified by ``locator``.</doc>
<arguments>
<arg>name=q</arg>
<arg>BrowserStack</arg>
</arguments>
<msg timestamp="20200306 18:02:44.293" level="INFO">Typing text 'BrowserStack' into text field 'name=q'.</msg>
<status status="PASS" starttime="20200306 18:02:44.293" endtime="20200306 18:02:45.965"></status>
</kw>
<kw name="Press Keys" library="SeleniumLibrary">
<doc>Simulates the user pressing key(s) to an element or on the active browser.</doc>
<arguments>
<arg>name=q</arg>
<arg>ENTER</arg>
</arguments>
<msg timestamp="20200306 18:02:45.966" level="INFO">Sending key(s) (u'ENTER',) to name=q element.</msg>
<msg timestamp="20200306 18:02:46.204" level="INFO">Pressing special key ENTER to element.</msg>
<msg timestamp="20200306 18:02:46.204" level="INFO">Releasing special key ENTER.</msg>
<status status="PASS" starttime="20200306 18:02:45.965" endtime="20200306 18:02:48.225"></status>
</kw>
<kw name="Sleep" library="BuiltIn">
<doc>Pauses the test executed for the given time.</doc>
<arguments>
<arg>5</arg>
</arguments>
<msg timestamp="20200306 18:02:53.225" level="INFO">Slept 5 seconds</msg>
<status status="PASS" starttime="20200306 18:02:48.225" endtime="20200306 18:02:53.225"></status>
</kw>
<kw name="Close Browser" library="SeleniumLibrary">
<doc>Closes the current browser.</doc>
<status status="PASS" starttime="20200306 18:02:53.225" endtime="20200306 18:02:54.174"></status>
</kw>
<status status="PASS" starttime="20200306 18:02:38.662" endtime="20200306 18:02:54.175" critical="yes"></status>
</test>
<test id="s1-t2" name="Parallel Tests 2">
<kw name="Set Test Variable" library="BuiltIn">
<doc>Makes a variable available everywhere within the scope of the current test.</doc>
<arguments>
<arg>&amp;{DC2}</arg>
<arg>os=Windows</arg>
<arg>os_version=10</arg>
<arg>browser=Firefox</arg>
<arg>browser_version=73.0</arg>
<arg>build=RobotFramework</arg>
<arg>name=parallel_test_2}</arg>
</arguments>
<msg timestamp="20200306 18:02:38.664" level="INFO">&amp;{DC2} = { os=Windows | os_version=10 | browser=Firefox | browser_version=73.0 | build=RobotFramework | name=parallel_test_2} }</msg>
<status status="PASS" starttime="20200306 18:02:38.663" endtime="20200306 18:02:38.664"></status>
</kw>
<kw name="Open Browser" library="SeleniumLibrary">
<doc>Opens a new browser instance to the optional ``url``.</doc>
<arguments>
<arg>${URL}</arg>
<arg>&amp;{DC2}[browser]</arg>
<arg>remote_url=${REMOTE_URL}</arg>
<arg>desired_capabilities=&amp;{DC2}</arg>
</arguments>
<msg timestamp="20200306 18:02:38.665" level="INFO">Opening browser 'Firefox' to base url 'https://www.google.com' through remote server at 'http://nithyamani3:P4JKysg5WuchQxBfKQu1@hub-cloud.browserstack.com/wd/hub'.</msg>
<status status="PASS" starttime="20200306 18:02:38.664" endtime="20200306 18:02:49.423"></status>
</kw>
<kw name="Input Text" library="SeleniumLibrary">
<doc>Types the given ``text`` into the text field identified by ``locator``.</doc>
<arguments>
<arg>name=q</arg>
<arg>BrowserStack</arg>
</arguments>
<msg timestamp="20200306 18:02:49.423" level="INFO">Typing text 'BrowserStack' into text field 'name=q'.</msg>
<status status="PASS" starttime="20200306 18:02:49.423" endtime="20200306 18:02:49.922"></status>
</kw>
<kw name="Press Keys" library="SeleniumLibrary">
<doc>Simulates the user pressing key(s) to an element or on the active browser.</doc>
<arguments>
<arg>name=q</arg>
<arg>ENTER</arg>
</arguments>
<msg timestamp="20200306 18:02:49.923" level="INFO">Sending key(s) (u'ENTER',) to name=q element.</msg>
<msg timestamp="20200306 18:02:50.566" level="INFO">Pressing special key ENTER to element.</msg>
<msg timestamp="20200306 18:02:50.566" level="INFO">Releasing special key ENTER.</msg>
<status status="PASS" starttime="20200306 18:02:49.922" endtime="20200306 18:02:50.680"></status>
</kw>
<kw name="Sleep" library="BuiltIn">
<doc>Pauses the test executed for the given time.</doc>
<arguments>
<arg>5</arg>
</arguments>
<msg timestamp="20200306 18:02:55.681" level="INFO">Slept 5 seconds</msg>
<status status="PASS" starttime="20200306 18:02:50.680" endtime="20200306 18:02:55.681"></status>
</kw>
<kw name="Close Browser" library="SeleniumLibrary">
<doc>Closes the current browser.</doc>
<status status="PASS" starttime="20200306 18:02:55.681" endtime="20200306 18:03:05.101"></status>
</kw>
<status status="PASS" starttime="20200306 18:02:38.662" endtime="20200306 18:03:05.102" critical="yes"></status>
</test>
<test id="s1-t3" name="Parallel Tests 3">
<kw name="Set Test Variable" library="BuiltIn">
<doc>Makes a variable available everywhere within the scope of the current test.</doc>
<arguments>
<arg>&amp;{DC3}</arg>
<arg>os_version=10.0</arg>
<arg>device=Google Pixel 4 XL</arg>
<arg>build=RobotFramework</arg>
<arg>name=parallel_test_3}</arg>
</arguments>
<msg timestamp="20200306 18:02:38.664" level="INFO">&amp;{DC3} = { os_version=10.0 | device=Google Pixel 4 XL | build=RobotFramework | name=parallel_test_3} }</msg>
<status status="PASS" starttime="20200306 18:02:38.663" endtime="20200306 18:02:38.664"></status>
</kw>
<kw name="Open Browser" library="SeleniumLibrary">
<doc>Opens a new browser instance to the optional ``url``.</doc>
<arguments>
<arg>${URL}</arg>
<arg>android</arg>
<arg>remote_url=${REMOTE_URL}</arg>
<arg>desired_capabilities=&amp;{DC3}</arg>
</arguments>
<msg timestamp="20200306 18:02:38.665" level="INFO">Opening browser 'android' to base url 'https://www.google.com' through remote server at 'http://nithyamani3:P4JKysg5WuchQxBfKQu1@hub-cloud.browserstack.com/wd/hub'.</msg>
<status status="PASS" starttime="20200306 18:02:38.664" endtime="20200306 18:02:47.804"></status>
</kw>
<kw name="Input Text" library="SeleniumLibrary">
<doc>Types the given ``text`` into the text field identified by ``locator``.</doc>
<arguments>
<arg>name=q</arg>
<arg>BrowserStack</arg>
</arguments>
<msg timestamp="20200306 18:02:47.805" level="INFO">Typing text 'BrowserStack' into text field 'name=q'.</msg>
<status status="PASS" starttime="20200306 18:02:47.804" endtime="20200306 18:02:49.989"></status>
</kw>
<kw name="Press Keys" library="SeleniumLibrary">
<doc>Simulates the user pressing key(s) to an element or on the active browser.</doc>
<arguments>
<arg>name=q</arg>
<arg>ENTER</arg>
</arguments>
<msg timestamp="20200306 18:02:49.990" level="INFO">Sending key(s) (u'ENTER',) to name=q element.</msg>
<msg timestamp="20200306 18:02:51.772" level="INFO">Pressing special key ENTER to element.</msg>
<msg timestamp="20200306 18:02:51.772" level="INFO">Releasing special key ENTER.</msg>
<status status="PASS" starttime="20200306 18:02:49.989" endtime="20200306 18:02:53.199"></status>
</kw>
<kw name="Sleep" library="BuiltIn">
<doc>Pauses the test executed for the given time.</doc>
<arguments>
<arg>5</arg>
</arguments>
<msg timestamp="20200306 18:02:58.201" level="INFO">Slept 5 seconds</msg>
<status status="PASS" starttime="20200306 18:02:53.199" endtime="20200306 18:02:58.201"></status>
</kw>
<kw name="Close Browser" library="SeleniumLibrary">
<doc>Closes the current browser.</doc>
<status status="PASS" starttime="20200306 18:02:58.201" endtime="20200306 18:02:59.328"></status>
</kw>
<status status="PASS" starttime="20200306 18:02:38.662" endtime="20200306 18:02:59.329" critical="yes"></status>
</test>
<test id="s1-t4" name="Parallel Tests 4">
<kw name="Set Test Variable" library="BuiltIn">
<doc>Makes a variable available everywhere within the scope of the current test.</doc>
<arguments>
<arg>&amp;{DC4}</arg>
<arg>os_version=12</arg>
<arg>device=iPhone 8 Plus</arg>
<arg>build=RobotFramework</arg>
<arg>name=parallel_test_4}</arg>
</arguments>
<msg timestamp="20200306 18:02:38.665" level="INFO">&amp;{DC4} = { os_version=12 | device=iPhone 8 Plus | build=RobotFramework | name=parallel_test_4} }</msg>
<status status="PASS" starttime="20200306 18:02:38.664" endtime="20200306 18:02:38.665"></status>
</kw>
<kw name="Open Browser" library="SeleniumLibrary">
<doc>Opens a new browser instance to the optional ``url``.</doc>
<arguments>
<arg>${URL}</arg>
<arg>iphone</arg>
<arg>remote_url=${REMOTE_URL}</arg>
<arg>desired_capabilities=&amp;{DC4}</arg>
</arguments>
<msg timestamp="20200306 18:02:38.666" level="INFO">Opening browser 'iphone' to base url 'https://www.google.com' through remote server at 'http://nithyamani3:P4JKysg5WuchQxBfKQu1@hub-cloud.browserstack.com/wd/hub'.</msg>
<status status="PASS" starttime="20200306 18:02:38.665" endtime="20200306 18:02:54.237"></status>
</kw>
<kw name="Input Text" library="SeleniumLibrary">
<doc>Types the given ``text`` into the text field identified by ``locator``.</doc>
<arguments>
<arg>name=q</arg>
<arg>BrowserStack</arg>
</arguments>
<msg timestamp="20200306 18:02:54.238" level="INFO">Typing text 'BrowserStack' into text field 'name=q'.</msg>
<status status="PASS" starttime="20200306 18:02:54.237" endtime="20200306 18:02:55.638"></status>
</kw>
<kw name="Sleep" library="BuiltIn">
<doc>Pauses the test executed for the given time.</doc>
<arguments>
<arg>5</arg>
</arguments>
<msg timestamp="20200306 18:03:00.639" level="INFO">Slept 5 seconds</msg>
<status status="PASS" starttime="20200306 18:02:55.639" endtime="20200306 18:03:00.640"></status>
</kw>
<kw name="Close Browser" library="SeleniumLibrary">
<doc>Closes the current browser.</doc>
<status status="PASS" starttime="20200306 18:03:00.640" endtime="20200306 18:03:01.975"></status>
</kw>
<status status="PASS" starttime="20200306 18:02:38.663" endtime="20200306 18:03:01.975" critical="yes"></status>
</test>
<doc>[https://pabot.org/?ref=log|Pabot] result from 4 executions.</doc>
<status status="PASS" starttime="20200306 18:02:38.375" endtime="20200306 18:03:05.105"></status>
</suite>
<statistics>
<total>
<stat pass="4" fail="0">Critical Tests</stat>
<stat pass="4" fail="0">All Tests</stat>
</total>
<tag>
</tag>
<suite>
<stat pass="4" fail="0" id="s1" name="Suite1">Suite1</stat>
</suite>
</statistics>
<errors>
</errors>
</robot>
