<?xml version="1.0" encoding="UTF-8"?>
<robot generator="Robot 3.1.2 (Python 3.7.3 on darwin)" generated="20200303 17:41:54.304" rpa="false">
<suite id="s1" name="Suites">
<suite id="s1-s1" name="SingleTest" source="/Users/nithyamani/eclipse-workspace/browserstack-robot-framework/test/SingleTest.robot">
<test id="s1-s1-t1" name="Browse BrowserStack on google.com">
<kw name="Open Browser" library="SeleniumLibrary">
<doc>Opens a new browser instance to the optional ``url``.</doc>
<arguments>
<arg>${URL}</arg>
<arg>&amp;{DC}[browser]</arg>
<arg>remote_url=${REMOTE_URL}</arg>
<arg>desired_capabilities=&amp;{DC}</arg>
</arguments>
<msg timestamp="20200303 17:41:54.438" level="INFO">Opening browser 'Chrome' to base url 'https://www.google.com' through remote server at 'http://nithyamani3:P4JKysg5WuchQxBfKQu1@hub-cloud.browserstack.com/wd/hub'.</msg>
<status status="PASS" starttime="20200303 17:41:54.437" endtime="20200303 17:42:02.550"></status>
</kw>
<kw name="Input Text" library="SeleniumLibrary">
<doc>Types the given ``text`` into the text field identified by ``locator``.</doc>
<arguments>
<arg>name=q</arg>
<arg>BrowserStack</arg>
</arguments>
<msg timestamp="20200303 17:42:02.551" level="INFO">Typing text 'BrowserStack' into text field 'name=q'.</msg>
<status status="PASS" starttime="20200303 17:42:02.550" endtime="20200303 17:42:04.230"></status>
</kw>
<kw name="Press Keys" library="SeleniumLibrary">
<doc>Simulates the user pressing key(s) to an element or on the active browser.</doc>
<arguments>
<arg>name=q</arg>
<arg>ENTER</arg>
</arguments>
<msg timestamp="20200303 17:42:04.231" level="INFO">Sending key(s) ('ENTER',) to name=q element.</msg>
<msg timestamp="20200303 17:42:04.987" level="INFO">Pressing special key ENTER to element.</msg>
<msg timestamp="20200303 17:42:04.987" level="INFO">Releasing special key ENTER.</msg>
<status status="PASS" starttime="20200303 17:42:04.230" endtime="20200303 17:42:07.877"></status>
</kw>
<kw name="Sleep" library="BuiltIn">
<doc>Pauses the test executed for the given time.</doc>
<arguments>
<arg>5</arg>
</arguments>
<msg timestamp="20200303 17:42:12.878" level="INFO">Slept 5 seconds</msg>
<status status="PASS" starttime="20200303 17:42:07.877" endtime="20200303 17:42:12.879"></status>
</kw>
<kw name="Close Browser" library="SeleniumLibrary">
<doc>Closes the current browser.</doc>
<status status="PASS" starttime="20200303 17:42:12.879" endtime="20200303 17:42:14.532"></status>
</kw>
<status status="PASS" starttime="20200303 17:41:54.437" endtime="20200303 17:42:14.532" critical="yes"></status>
</test>
<status status="PASS" starttime="20200303 17:41:54.328" endtime="20200303 17:42:14.533"></status>
</suite>
<status status="PASS" starttime="20200303 17:41:54.306" endtime="20200303 17:42:14.535"></status>
</suite>
<statistics>
<total>
<stat pass="1" fail="0">Critical Tests</stat>
<stat pass="1" fail="0">All Tests</stat>
</total>
<tag>
</tag>
<suite>
<stat pass="1" fail="0" id="s1" name="Suites">Suites</stat>
<stat pass="1" fail="0" id="s1-s1" name="SingleTest">Suites.SingleTest</stat>
</suite>
</statistics>
<errors>
</errors>
</robot>
