<?xml version="1.0" encoding="UTF-8"?>
<robot generator="Rebot 3.1.2 (Python 3.7.3 on darwin)" generated="20200303 18:56:26.833" rpa="false">
<suite id="s1" name="Suites">
<suite id="s1-s1" name="Suite1" source="/Users/nithyamani/eclipse-workspace/browserstack-robot-framework/test/parallel/Suite1.robot">
<test id="s1-s1-t1" name="Parallel Tests">
<kw name="Open Browser" library="SeleniumLibrary">
<doc>Opens a new browser instance to the optional ``url``.</doc>
<arguments>
<arg>${URL}</arg>
<arg>&amp;{DC}[browser]</arg>
<arg>remote_url=${REMOTE_URL}</arg>
<arg>desired_capabilities=&amp;{DC}</arg>
</arguments>
<msg timestamp="20200303 18:55:51.243" level="INFO">Opening browser 'Firefox' to base url 'https://www.google.com' through remote server at 'http://nithyamani3:P4JKysg5WuchQxBfKQu1@hub-cloud.browserstack.com/wd/hub'.</msg>
<status status="PASS" starttime="20200303 18:55:51.242" endtime="20200303 18:56:16.767"></status>
</kw>
<kw name="Input Text" library="SeleniumLibrary">
<doc>Types the given ``text`` into the text field identified by ``locator``.</doc>
<arguments>
<arg>name=q</arg>
<arg>BrowserStack</arg>
</arguments>
<msg timestamp="20200303 18:56:16.768" level="INFO">Typing text 'BrowserStack' into text field 'name=q'.</msg>
<status status="PASS" starttime="20200303 18:56:16.767" endtime="20200303 18:56:17.195"></status>
</kw>
<kw name="Press Keys" library="SeleniumLibrary">
<doc>Simulates the user pressing key(s) to an element or on the active browser.</doc>
<arguments>
<arg>name=q</arg>
<arg>ENTER</arg>
</arguments>
<msg timestamp="20200303 18:56:17.196" level="INFO">Sending key(s) ('ENTER',) to name=q element.</msg>
<msg timestamp="20200303 18:56:17.707" level="INFO">Pressing special key ENTER to element.</msg>
<msg timestamp="20200303 18:56:17.707" level="INFO">Releasing special key ENTER.</msg>
<status status="PASS" starttime="20200303 18:56:17.195" endtime="20200303 18:56:17.793"></status>
</kw>
<kw name="Sleep" library="BuiltIn">
<doc>Pauses the test executed for the given time.</doc>
<arguments>
<arg>5</arg>
</arguments>
<msg timestamp="20200303 18:56:22.796" level="INFO">Slept 5 seconds</msg>
<status status="PASS" starttime="20200303 18:56:17.793" endtime="20200303 18:56:22.796"></status>
</kw>
<kw name="Close Browser" library="SeleniumLibrary">
<doc>Closes the current browser.</doc>
<status status="PASS" starttime="20200303 18:56:22.797" endtime="20200303 18:56:25.155"></status>
</kw>
<status status="PASS" starttime="20200303 18:55:51.242" endtime="20200303 18:56:25.155" critical="yes"></status>
</test>
<status status="PASS" starttime="20200303 18:55:51.136" endtime="20200303 18:56:25.158"></status>
</suite>
<suite id="s1-s2" name="Suite2" source="/Users/nithyamani/eclipse-workspace/browserstack-robot-framework/test/parallel/Suite2.robot">
<test id="s1-s2-t1" name="Parallel Tests">
<kw name="Open Browser" library="SeleniumLibrary">
<doc>Opens a new browser instance to the optional ``url``.</doc>
<arguments>
<arg>${URL}</arg>
<arg>&amp;{DC}[browser]</arg>
<arg>remote_url=${REMOTE_URL}</arg>
<arg>desired_capabilities=&amp;{DC}</arg>
</arguments>
<msg timestamp="20200303 18:55:51.243" level="INFO">Opening browser 'Chrome' to base url 'https://www.google.com' through remote server at 'http://nithyamani3:P4JKysg5WuchQxBfKQu1@hub-cloud.browserstack.com/wd/hub'.</msg>
<status status="PASS" starttime="20200303 18:55:51.243" endtime="20200303 18:55:59.770"></status>
</kw>
<kw name="Input Text" library="SeleniumLibrary">
<doc>Types the given ``text`` into the text field identified by ``locator``.</doc>
<arguments>
<arg>name=q</arg>
<arg>BrowserStack</arg>
</arguments>
<msg timestamp="20200303 18:55:59.771" level="INFO">Typing text 'BrowserStack' into text field 'name=q'.</msg>
<status status="PASS" starttime="20200303 18:55:59.770" endtime="20200303 18:56:00.155"></status>
</kw>
<kw name="Press Keys" library="SeleniumLibrary">
<doc>Simulates the user pressing key(s) to an element or on the active browser.</doc>
<arguments>
<arg>name=q</arg>
<arg>ENTER</arg>
</arguments>
<msg timestamp="20200303 18:56:00.156" level="INFO">Sending key(s) ('ENTER',) to name=q element.</msg>
<msg timestamp="20200303 18:56:00.448" level="INFO">Pressing special key ENTER to element.</msg>
<msg timestamp="20200303 18:56:00.448" level="INFO">Releasing special key ENTER.</msg>
<status status="PASS" starttime="20200303 18:56:00.155" endtime="20200303 18:56:03.883"></status>
</kw>
<kw name="Sleep" library="BuiltIn">
<doc>Pauses the test executed for the given time.</doc>
<arguments>
<arg>5</arg>
</arguments>
<msg timestamp="20200303 18:56:08.884" level="INFO">Slept 5 seconds</msg>
<status status="PASS" starttime="20200303 18:56:03.883" endtime="20200303 18:56:08.884"></status>
</kw>
<kw name="Close Browser" library="SeleniumLibrary">
<doc>Closes the current browser.</doc>
<status status="PASS" starttime="20200303 18:56:08.885" endtime="20200303 18:56:26.503"></status>
</kw>
<status status="PASS" starttime="20200303 18:55:51.242" endtime="20200303 18:56:26.504" critical="yes"></status>
</test>
<status status="PASS" starttime="20200303 18:55:51.136" endtime="20200303 18:56:26.506"></status>
</suite>
<suite id="s1-s3" name="Suite3" source="/Users/nithyamani/eclipse-workspace/browserstack-robot-framework/test/parallel/Suite3.robot">
<test id="s1-s3-t1" name="Parallel Tests">
<kw name="Open Browser" library="SeleniumLibrary">
<doc>Opens a new browser instance to the optional ``url``.</doc>
<arguments>
<arg>${URL}</arg>
<arg>&amp;{DC}[browser]</arg>
<arg>remote_url=${REMOTE_URL}</arg>
<arg>desired_capabilities=&amp;{DC}</arg>
</arguments>
<msg timestamp="20200303 18:55:51.244" level="FAIL">Dictionary '&amp;{DC}' has no key 'browser'.</msg>
<status status="FAIL" starttime="20200303 18:55:51.243" endtime="20200303 18:55:51.244"></status>
</kw>
<status status="FAIL" starttime="20200303 18:55:51.243" endtime="20200303 18:55:51.244" critical="yes">Dictionary '&amp;{DC}' has no key 'browser'.</status>
</test>
<status status="FAIL" starttime="20200303 18:55:51.136" endtime="20200303 18:55:51.244"></status>
</suite>
<doc>[https://pabot.org/?ref=log|Pabot] result from 3 executions.</doc>
<status status="FAIL" starttime="20200303 18:55:51.111" endtime="20200303 18:56:26.508"></status>
</suite>
<statistics>
<total>
<stat pass="2" fail="1">Critical Tests</stat>
<stat pass="2" fail="1">All Tests</stat>
</total>
<tag>
</tag>
<suite>
<stat pass="2" fail="1" id="s1" name="Suites">Suites</stat>
<stat pass="1" fail="0" id="s1-s1" name="Suite1">Suites.Suite1</stat>
<stat pass="1" fail="0" id="s1-s2" name="Suite2">Suites.Suite2</stat>
<stat pass="0" fail="1" id="s1-s3" name="Suite3">Suites.Suite3</stat>
</suite>
</statistics>
<errors>
</errors>
</robot>
