<?xml version="1.0" encoding="UTF-8"?>
<robot generator="Rebot 3.1.2 (Python 3.7.3 on darwin)" generated="20200304 19:41:49.849" rpa="false">
<suite id="s1" name="Suites">
<suite id="s1-s1" name="Appium android" source="/Users/nithyamani/eclipse-workspace/browserstack-robot-framework/apps/test/Appium_android.robot">
<test id="s1-s1-t1" name="Appium Test on BrowserStack">
<kw name="Open Application" library="AppiumLibrary">
<doc>Opens a new application to given Appium server.
Capabilities of appium server, Android and iOS,
Please check https://github.com/appium/appium/blob/master/docs/en/writing-running-appium/server-args.md
| *Option*            | *Man.* | *Description*     |
| remote_url          | Yes    | Appium server url |
| alias               | no     | alias             |</doc>
<arguments>
<arg>${REMOTE_URL}</arg>
<arg>name=RobotAppium</arg>
<arg>platformNae=Android</arg>
<arg>os_version=7.0</arg>
<arg>device=Samsung Galaxy S8</arg>
<arg>app=bs://ae210c1d04aa89db927c408f6d7da115303fba0d</arg>
</arguments>
<status status="PASS" starttime="20200304 19:40:52.907" endtime="20200304 19:41:36.591"></status>
</kw>
<kw name="Click Element" library="AppiumLibrary">
<doc>Click element identified by `locator`.</doc>
<arguments>
<arg>id=org.wikipedia.alpha:id/search_container</arg>
</arguments>
<msg timestamp="20200304 19:41:36.594" level="INFO">Clicking element 'id=org.wikipedia.alpha:id/search_container'.</msg>
<status status="PASS" starttime="20200304 19:41:36.592" endtime="20200304 19:41:38.293"></status>
</kw>
<kw name="Click Element" library="AppiumLibrary">
<doc>Click element identified by `locator`.</doc>
<arguments>
<arg>id=org.wikipedia.alpha:id/search_src_text</arg>
</arguments>
<msg timestamp="20200304 19:41:38.295" level="INFO">Clicking element 'id=org.wikipedia.alpha:id/search_src_text'.</msg>
<status status="PASS" starttime="20200304 19:41:38.293" endtime="20200304 19:41:40.188"></status>
</kw>
<kw name="Input Text" library="AppiumLibrary">
<doc>Types the given `text` into text field identified by `locator`.</doc>
<arguments>
<arg>id=org.wikipedia.alpha:id/search_src_text</arg>
<arg>BrowserStack</arg>
</arguments>
<msg timestamp="20200304 19:41:40.190" level="INFO">Typing text 'BrowserStack' into text field 'id=org.wikipedia.alpha:id/search_src_text'</msg>
<status status="PASS" starttime="20200304 19:41:40.188" endtime="20200304 19:41:42.135"></status>
</kw>
<kw name="Click Element" library="AppiumLibrary">
<doc>Click element identified by `locator`.</doc>
<arguments>
<arg>id=org.wikipedia.alpha:id/search_src_text</arg>
</arguments>
<msg timestamp="20200304 19:41:42.138" level="INFO">Clicking element 'id=org.wikipedia.alpha:id/search_src_text'.</msg>
<status status="PASS" starttime="20200304 19:41:42.135" endtime="20200304 19:41:44.451"></status>
</kw>
<kw name="Click Element" library="AppiumLibrary">
<doc>Click element identified by `locator`.</doc>
<arguments>
<arg>xpath=/hierarchy/android.widget.FrameLayout/android.widget.LinearLayout/android.widget.FrameLayout/android.widget.FrameLayout/android.widget.FrameLayout/android.widget.FrameLayout/android.widget.FrameLayout/android.widget.FrameLayout/android.widget.LinearLayout[2]/android.view.ViewGroup/android.support.v4.view.ViewPager/android.view.ViewGroup/android.widget.FrameLayout/android.support.v7.widget.RecyclerView/android.widget.FrameLayout[1]/android.widget.LinearLayout</arg>
</arguments>
<msg timestamp="20200304 19:41:44.454" level="INFO">Clicking element 'xpath=/hierarchy/android.widget.FrameLayout/android.widget.LinearLayout/android.widget.FrameLayout/android.widget.FrameLayout/android.widget.FrameLayout/android.widget.FrameLayout/android.widget.FrameLayout/android.widget.FrameLayout/android.widget.LinearLayout[2]/android.view.ViewGroup/android.support.v4.view.ViewPager/android.view.ViewGroup/android.widget.FrameLayout/android.support.v7.widget.RecyclerView/android.widget.FrameLayout[1]/android.widget.LinearLayout'.</msg>
<status status="PASS" starttime="20200304 19:41:44.451" endtime="20200304 19:41:48.437"></status>
</kw>
<kw name="Close Application" library="AppiumLibrary">
<doc>Closes the current application and also close webdriver session.</doc>
<status status="PASS" starttime="20200304 19:41:48.437" endtime="20200304 19:41:49.641"></status>
</kw>
<status status="PASS" starttime="20200304 19:40:52.906" endtime="20200304 19:41:49.641" critical="yes"></status>
</test>
<status status="PASS" starttime="20200304 19:40:52.729" endtime="20200304 19:41:49.642"></status>
</suite>
<suite id="s1-s2" name="Appium ios" source="/Users/nithyamani/eclipse-workspace/browserstack-robot-framework/apps/test/Appium_ios.robot">
<test id="s1-s2-t1" name="Appium Test on BrowserStack">
<kw name="Open Application" library="AppiumLibrary">
<doc>Opens a new application to given Appium server.
Capabilities of appium server, Android and iOS,
Please check https://github.com/appium/appium/blob/master/docs/en/writing-running-appium/server-args.md
| *Option*            | *Man.* | *Description*     |
| remote_url          | Yes    | Appium server url |
| alias               | no     | alias             |</doc>
<arguments>
<arg>${REMOTE_URL}</arg>
<arg>name=single_test</arg>
<arg>build=RobotFramework</arg>
<arg>platformName=iOS</arg>
<arg>os_version=11.0</arg>
<arg>device=iPhone 8 Plus</arg>
<arg>app=bs://07dc0a4af4567a7086a3c739b3b51f41a086e6a0</arg>
</arguments>
<status status="PASS" starttime="20200304 19:40:52.906" endtime="20200304 19:41:14.572"></status>
</kw>
<kw name="Click Element" library="AppiumLibrary">
<doc>Click element identified by `locator`.</doc>
<arguments>
<arg>id=Alert Button</arg>
</arguments>
<msg timestamp="20200304 19:41:14.574" level="INFO">Clicking element 'id=Alert Button'.</msg>
<status status="PASS" starttime="20200304 19:41:14.572" endtime="20200304 19:41:16.319"></status>
</kw>
<kw name="Click Element" library="AppiumLibrary">
<doc>Click element identified by `locator`.</doc>
<arguments>
<arg>id=OK</arg>
</arguments>
<msg timestamp="20200304 19:41:16.321" level="INFO">Clicking element 'id=OK'.</msg>
<status status="PASS" starttime="20200304 19:41:16.319" endtime="20200304 19:41:18.379"></status>
</kw>
<kw name="Close Application" library="AppiumLibrary">
<doc>Closes the current application and also close webdriver session.</doc>
<status status="PASS" starttime="20200304 19:41:18.379" endtime="20200304 19:41:19.108"></status>
</kw>
<status status="PASS" starttime="20200304 19:40:52.906" endtime="20200304 19:41:19.109" critical="yes"></status>
</test>
<status status="PASS" starttime="20200304 19:40:52.729" endtime="20200304 19:41:19.110"></status>
</suite>
<doc>[https://pabot.org/?ref=log|Pabot] result from 2 executions.</doc>
<status status="PASS" starttime="20200304 19:40:52.710" endtime="20200304 19:41:49.644"></status>
</suite>
<statistics>
<total>
<stat pass="2" fail="0">Critical Tests</stat>
<stat pass="2" fail="0">All Tests</stat>
</total>
<tag>
</tag>
<suite>
<stat pass="2" fail="0" id="s1" name="Suites">Suites</stat>
<stat pass="1" fail="0" id="s1-s1" name="Appium android">Suites.Appium android</stat>
<stat pass="1" fail="0" id="s1-s2" name="Appium ios">Suites.Appium ios</stat>
</suite>
</statistics>
<errors>
</errors>
</robot>
