<?xml version="1.0" encoding="UTF-8"?>
<robot generator="Rebot 3.1.2 (Python 3.7.3 on darwin)" generated="20200306 17:46:08.092" rpa="false">
<suite id="s1" name="Suites">
<suite id="s1-s1" name="Suite1 App" source="/Users/nithyamani/eclipse-workspace/browserstack-robot-framework/apps/test/parallel/Suite1_App.robot">
<test id="s1-s1-t1" name="Appium Test on BrowserStack">
<kw name="Open Application" library="AppiumLibrary">
<doc>Opens a new application to given Appium server.
Capabilities of appium server, Android and iOS,
Please check https://github.com/appium/appium/blob/master/docs/en/writing-running-appium/server-args.md
| *Option*            | *Man.* | *Description*     |
| remote_url          | Yes    | Appium server url |
| alias               | no     | alias             |</doc>
<arguments>
<arg>${REMOTE_URL}</arg>
<arg>name=parallel_test</arg>
<arg>build=RobotFramework</arg>
<arg>platformName=iOS</arg>
<arg>os_version=13.0</arg>
<arg>device=iPhone XS</arg>
<arg>app=bs://07dc0a4af4567a7086a3c739b3b51f41a086e6a0</arg>
</arguments>
<status status="PASS" starttime="20200306 17:44:56.068" endtime="20200306 17:45:42.059"></status>
</kw>
<kw name="Click Element" library="AppiumLibrary">
<doc>Click element identified by `locator`.</doc>
<arguments>
<arg>id=Alert Button</arg>
</arguments>
<msg timestamp="20200306 17:45:42.062" level="INFO">Clicking element 'id=Alert Button'.</msg>
<status status="PASS" starttime="20200306 17:45:42.060" endtime="20200306 17:45:43.499"></status>
</kw>
<kw name="Click Element" library="AppiumLibrary">
<doc>Click element identified by `locator`.</doc>
<arguments>
<arg>id=OK</arg>
</arguments>
<msg timestamp="20200306 17:45:43.501" level="INFO">Clicking element 'id=OK'.</msg>
<status status="PASS" starttime="20200306 17:45:43.499" endtime="20200306 17:45:44.982"></status>
</kw>
<kw name="Close Application" library="AppiumLibrary">
<doc>Closes the current application and also close webdriver session.</doc>
<status status="PASS" starttime="20200306 17:45:44.982" endtime="20200306 17:45:46.518"></status>
</kw>
<status status="PASS" starttime="20200306 17:44:56.068" endtime="20200306 17:45:46.518" critical="yes"></status>
</test>
<status status="PASS" starttime="20200306 17:44:55.775" endtime="20200306 17:45:46.520"></status>
</suite>
<suite id="s1-s2" name="Suite2 App" source="/Users/nithyamani/eclipse-workspace/browserstack-robot-framework/apps/test/parallel/Suite2_App.robot">
<test id="s1-s2-t1" name="Appium Test on BrowserStack">
<kw name="Open Application" library="AppiumLibrary">
<doc>Opens a new application to given Appium server.
Capabilities of appium server, Android and iOS,
Please check https://github.com/appium/appium/blob/master/docs/en/writing-running-appium/server-args.md
| *Option*            | *Man.* | *Description*     |
| remote_url          | Yes    | Appium server url |
| alias               | no     | alias             |</doc>
<arguments>
<arg>${REMOTE_URL}</arg>
<arg>name=parallel_test</arg>
<arg>build=RobotFramework</arg>
<arg>platformName=Android</arg>
<arg>os_version=10.0</arg>
<arg>device=Google Pixel 4</arg>
<arg>app=bs://ae210c1d04aa89db927c408f6d7da115303fba0d</arg>
</arguments>
<status status="PASS" starttime="20200306 17:44:56.069" endtime="20200306 17:45:15.509"></status>
</kw>
<kw name="Click Element" library="AppiumLibrary">
<doc>Click element identified by `locator`.</doc>
<arguments>
<arg>id=org.wikipedia.alpha:id/search_container</arg>
</arguments>
<msg timestamp="20200306 17:45:15.511" level="INFO">Clicking element 'id=org.wikipedia.alpha:id/search_container'.</msg>
<status status="PASS" starttime="20200306 17:45:15.510" endtime="20200306 17:45:16.516"></status>
</kw>
<kw name="Click Element" library="AppiumLibrary">
<doc>Click element identified by `locator`.</doc>
<arguments>
<arg>id=org.wikipedia.alpha:id/search_src_text</arg>
</arguments>
<msg timestamp="20200306 17:45:16.519" level="INFO">Clicking element 'id=org.wikipedia.alpha:id/search_src_text'.</msg>
<status status="PASS" starttime="20200306 17:45:16.516" endtime="20200306 17:45:18.973"></status>
</kw>
<kw name="Input Text" library="AppiumLibrary">
<doc>Types the given `text` into text field identified by `locator`.</doc>
<arguments>
<arg>id=org.wikipedia.alpha:id/search_src_text</arg>
<arg>BrowserStack</arg>
</arguments>
<msg timestamp="20200306 17:45:18.976" level="INFO">Typing text 'BrowserStack' into text field 'id=org.wikipedia.alpha:id/search_src_text'</msg>
<status status="PASS" starttime="20200306 17:45:18.974" endtime="20200306 17:45:20.815"></status>
</kw>
<kw name="Click Element" library="AppiumLibrary">
<doc>Click element identified by `locator`.</doc>
<arguments>
<arg>id=org.wikipedia.alpha:id/search_src_text</arg>
</arguments>
<msg timestamp="20200306 17:45:20.817" level="INFO">Clicking element 'id=org.wikipedia.alpha:id/search_src_text'.</msg>
<status status="PASS" starttime="20200306 17:45:20.815" endtime="20200306 17:45:22.484"></status>
</kw>
<kw name="Click Element" library="AppiumLibrary">
<doc>Click element identified by `locator`.</doc>
<arguments>
<arg>xpath=/hierarchy/android.widget.FrameLayout/android.widget.LinearLayout/android.widget.FrameLayout/android.widget.FrameLayout/android.widget.FrameLayout/android.widget.FrameLayout/android.widget.FrameLayout/android.widget.FrameLayout/android.widget.LinearLayout[2]/android.view.ViewGroup/android.support.v4.view.ViewPager/android.view.ViewGroup/android.widget.FrameLayout/android.support.v7.widget.RecyclerView/android.widget.FrameLayout[1]/android.widget.LinearLayout</arg>
</arguments>
<msg timestamp="20200306 17:45:22.487" level="INFO">Clicking element 'xpath=/hierarchy/android.widget.FrameLayout/android.widget.LinearLayout/android.widget.FrameLayout/android.widget.FrameLayout/android.widget.FrameLayout/android.widget.FrameLayout/android.widget.FrameLayout/android.widget.FrameLayout/android.widget.LinearLayout[2]/android.view.ViewGroup/android.support.v4.view.ViewPager/android.view.ViewGroup/android.widget.FrameLayout/android.support.v7.widget.RecyclerView/android.widget.FrameLayout[1]/android.widget.LinearLayout'.</msg>
<status status="PASS" starttime="20200306 17:45:22.485" endtime="20200306 17:45:26.680"></status>
</kw>
<kw name="Close Application" library="AppiumLibrary">
<doc>Closes the current application and also close webdriver session.</doc>
<status status="PASS" starttime="20200306 17:45:26.681" endtime="20200306 17:45:27.137"></status>
</kw>
<status status="PASS" starttime="20200306 17:44:56.068" endtime="20200306 17:45:27.138" critical="yes"></status>
</test>
<status status="PASS" starttime="20200306 17:44:55.773" endtime="20200306 17:45:27.139"></status>
</suite>
<suite id="s1-s3" name="Suite3 App" source="/Users/nithyamani/eclipse-workspace/browserstack-robot-framework/apps/test/parallel/Suite3_App.robot">
<test id="s1-s3-t1" name="Appium Test on BrowserStack">
<kw name="Open Application" library="AppiumLibrary">
<doc>Opens a new application to given Appium server.
Capabilities of appium server, Android and iOS,
Please check https://github.com/appium/appium/blob/master/docs/en/writing-running-appium/server-args.md
| *Option*            | *Man.* | *Description*     |
| remote_url          | Yes    | Appium server url |
| alias               | no     | alias             |</doc>
<arguments>
<arg>${REMOTE_URL}</arg>
<arg>name=parallel_test</arg>
<arg>build=RobotFramework</arg>
<arg>platformName=Android</arg>
<arg>os_version=9.0</arg>
<arg>device=Samsung Galaxy Tab S6</arg>
<arg>app=bs://ae210c1d04aa89db927c408f6d7da115303fba0d</arg>
</arguments>
<status status="PASS" starttime="20200306 17:44:56.069" endtime="20200306 17:45:26.771"></status>
</kw>
<kw name="Click Element" library="AppiumLibrary">
<doc>Click element identified by `locator`.</doc>
<arguments>
<arg>id=org.wikipedia.alpha:id/search_container</arg>
</arguments>
<msg timestamp="20200306 17:45:26.772" level="INFO">Clicking element 'id=org.wikipedia.alpha:id/search_container'.</msg>
<status status="PASS" starttime="20200306 17:45:26.771" endtime="20200306 17:45:27.481"></status>
</kw>
<kw name="Click Element" library="AppiumLibrary">
<doc>Click element identified by `locator`.</doc>
<arguments>
<arg>id=org.wikipedia.alpha:id/search_src_text</arg>
</arguments>
<msg timestamp="20200306 17:45:27.484" level="INFO">Clicking element 'id=org.wikipedia.alpha:id/search_src_text'.</msg>
<kw name="Capture Page Screenshot" library="AppiumLibrary">
<doc>Takes a screenshot of the current page and embeds it into the log.</doc>
<msg timestamp="20200306 17:46:07.845" level="FAIL">WebDriverException: Message: Appium error: An unknown server-side error occurred while processing the command. Original error: Cannot get screenshot data because of 'Error executing adbExec. Original error: 'Command 'android-sdk/platform-tools/adb -P 5037 -s R52M80JW03Z shell /system/bin/rm /data/local/tmp/screenshot.png\; /system/bin/screencap -p /data/local/tmp/screenshot.png' timed out after 20000ms'; Stderr: ''; Code: 'null''
</msg>
<status status="FAIL" starttime="20200306 17:45:27.715" endtime="20200306 17:46:07.845"></status>
</kw>
<msg timestamp="20200306 17:46:07.847" level="WARN">Keyword 'Capture Page Screenshot' could not be run on failure: WebDriverException: Message: Appium error: An unknown server-side error occurred while processing the command. Original error: Cannot get screenshot data because of 'Error executing adbExec. Original error: 'Command 'android-sdk/platform-tools/adb -P 5037 -s R52M80JW03Z shell /system/bin/rm /data/local/tmp/screenshot.png\; /system/bin/screencap -p /data/local/tmp/screenshot.png' timed out after 20000ms'; Stderr: ''; Code: 'null''
</msg>
<msg timestamp="20200306 17:46:07.848" level="FAIL">ValueError: Element locator 'id=org.wikipedia.alpha:id/search_src_text' did not match any elements.</msg>
<status status="FAIL" starttime="20200306 17:45:27.481" endtime="20200306 17:46:07.848"></status>
</kw>
<status status="FAIL" starttime="20200306 17:44:56.068" endtime="20200306 17:46:07.848" critical="yes">ValueError: Element locator 'id=org.wikipedia.alpha:id/search_src_text' did not match any elements.</status>
</test>
<status status="FAIL" starttime="20200306 17:44:55.773" endtime="20200306 17:46:07.850"></status>
</suite>
<doc>[https://pabot.org/?ref=log|Pabot] result from 3 executions.</doc>
<status status="FAIL" starttime="20200306 17:44:55.749" endtime="20200306 17:46:07.852"></status>
</suite>
<statistics>
<total>
<stat pass="2" fail="1">Critical Tests</stat>
<stat pass="2" fail="1">All Tests</stat>
</total>
<tag>
</tag>
<suite>
<stat pass="2" fail="1" id="s1" name="Suites">Suites</stat>
<stat pass="1" fail="0" id="s1-s1" name="Suite1 App">Suites.Suite1 App</stat>
<stat pass="1" fail="0" id="s1-s2" name="Suite2 App">Suites.Suite2 App</stat>
<stat pass="0" fail="1" id="s1-s3" name="Suite3 App">Suites.Suite3 App</stat>
</suite>
</statistics>
<errors>
<msg timestamp="20200306 17:46:07.847" level="WARN">Keyword 'Capture Page Screenshot' could not be run on failure: WebDriverException: Message: Appium error: An unknown server-side error occurred while processing the command. Original error: Cannot get screenshot data because of 'Error executing adbExec. Original error: 'Command 'android-sdk/platform-tools/adb -P 5037 -s R52M80JW03Z shell /system/bin/rm /data/local/tmp/screenshot.png\; /system/bin/screencap -p /data/local/tmp/screenshot.png' timed out after 20000ms'; Stderr: ''; Code: 'null''
</msg>
</errors>
</robot>
